=/pretest.json
{
  _: [],
  f: [
    '/home/runner/work/exp-groundwater-level-identification-nitk/exp-groundwater-level-identification-nitk/experiment/pretest.json'
  ],
  files: [
    '/home/runner/work/exp-groundwater-level-identification-nitk/exp-groundwater-level-identification-nitk/experiment/pretest.json'
  ],
  c: 'assessment',
  contentTypes: 'assessment',
  'content-types': 'assessment',
  '$0': 'validate'
}
Validated true
=/posttest.json
{
  _: [],
  f: [
    '/home/runner/work/exp-groundwater-level-identification-nitk/exp-groundwater-level-identification-nitk/experiment/posttest.json'
  ],
  files: [
    '/home/runner/work/exp-groundwater-level-identification-nitk/exp-groundwater-level-identification-nitk/experiment/posttest.json'
  ],
  c: 'assessment',
  contentTypes: 'assessment',
  'content-types': 'assessment',
  '$0': 'validate'
}
/questions/0: must NOT have additional properties

Json Error: must match "then" schema
Json Error: must match "then" schema
Failed while validating /home/runner/work/exp-groundwater-level-identification-nitk/exp-groundwater-level-identification-nitk/experiment/posttest.json
Error: Schema is Invalid
